
======================================================
🔥 Servidor Backend Rodando!
📡 ESP32 deve fazer POST em: http://192.168.1.10:4000/sensores
💻 React deve fazer GET em:  http://localhost:4000/sensores
======================================================


[POST] Dados recebidos do ESP32 em /sensores às 17:47:21

[TIMEOUT] Sem dados por 4s. Status alterado para AGUARDANDO DADOS...

[RESET] Sem dados por +10s. Zerando valores dos sensores.

[POST] Dados recebidos do ESP32 em /sensores às 17:48:27

[TIMEOUT] Sem dados por 4s. Status alterado para AGUARDANDO DADOS...

[RESET] Sem dados por +10s. Zerando valores dos sensores.

[POST] Dados recebidos do ESP32 em /sensores às 17:48:43

[TIMEOUT] Sem dados por 4s. Status alterado para AGUARDANDO DADOS...

[POST] Dados recebidos do ESP32 em /sensores às 17:48:51

[POST] Dados recebidos do ESP32 em /sensores às 17:48:51

[POST] Dados recebidos do ESP32 em /sensores às 17:48:51

[POST] Dados recebidos do ESP32 em /sensores às 17:48:52

[POST] Dados recebidos do ESP32 em /sensores às 17:48:52

[POST] Dados recebidos do ESP32 em /sensores às 17:48:52

[POST] Dados recebidos do ESP32 em /sensores às 17:48:52

[POST] Dados recebidos do ESP32 em /sensores às 17:48:52

[POST] Dados recebidos do ESP32 em /sensores às 17:48:52

[POST] Dados recebidos do ESP32 em /sensores às 17:48:52

[POST] Dados recebidos do ESP32 em /sensores às 17:48:53

[POST] Dados recebidos do ESP32 em /sensores às 17:48:53

[POST] Dados recebidos do ESP32 em /sensores às 17:48:53

[POST] Dados recebidos do ESP32 em /sensores às 17:48:56

[POST] Dados recebidos do ESP32 em /sensores às 17:48:56

[POST] Dados recebidos do ESP32 em /sensores às 17:48:56

[POST] Dados recebidos do ESP32 em /sensores às 17:48:56

[POST] Dados recebidos do ESP32 em /sensores às 17:48:56

[POST] Dados recebidos do ESP32 em /sensores às 17:48:56

[POST] Dados recebidos do ESP32 em /sensores às 17:48:58

[POST] Dados recebidos do ESP32 em /sensores às 17:48:59

[POST] Dados recebidos do ESP32 em /sensores às 17:48:59

[POST] Dados recebidos do ESP32 em /sensores às 17:49:01

[POST] Dados recebidos do ESP32 em /sensores às 17:49:03

[TIMEOUT] Sem dados por 4s. Status alterado para AGUARDANDO DADOS...

[POST] Dados recebidos do ESP32 em /sensores às 17:49:07

[POST] Dados recebidos do ESP32 em /sensores às 17:49:10

[POST] Dados recebidos do ESP32 em /sensores às 17:49:13

[POST] Dados recebidos do ESP32 em /sensores às 17:49:14

[TIMEOUT] Sem dados por 4s. Status alterado para AGUARDANDO DADOS...

[POST] Dados recebidos do ESP32 em /sensores às 17:49:27

[POST] Dados recebidos do ESP32 em /sensores às 17:49:27

[POST] Dados recebidos do ESP32 em /sensores às 17:49:28

[POST] Dados recebidos do ESP32 em /sensores às 17:49:29

[TIMEOUT] Sem dados por 4s. Status alterado para AGUARDANDO DADOS...

[POST] Dados recebidos do ESP32 em /sensores às 17:49:34

[POST] Dados recebidos do ESP32 em /sensores às 17:49:35

[POST] Dados recebidos do ESP32 em /sensores às 17:49:35

[POST] Dados recebidos do ESP32 em /sensores às 17:49:35

[POST] Dados recebidos do ESP32 em /sensores às 17:49:35

[POST] Dados recebidos do ESP32 em /sensores às 17:49:35

[POST] Dados recebidos do ESP32 em /sensores às 17:49:35

[POST] Dados recebidos do ESP32 em /sensores às 17:49:35

[POST] Dados recebidos do ESP32 em /sensores às 17:49:35

[POST] Dados recebidos do ESP32 em /sensores às 17:49:36

[POST] Dados recebidos do ESP32 em /sensores às 17:49:36

[POST] Dados recebidos do ESP32 em /sensores às 17:49:36

[TIMEOUT] Sem dados por 4s. Status alterado para AGUARDANDO DADOS...

[RESET] Sem dados por +10s. Zerando valores dos sensores.

[POST] Dados recebidos do ESP32 em /sensores às 17:50:00

[POST] Dados recebidos do ESP32 em /sensores às 17:50:01

[POST] Dados recebidos do ESP32 em /sensores às 17:50:02

[POST] Dados recebidos do ESP32 em /sensores às 17:50:03

[POST] Dados recebidos do ESP32 em /sensores às 17:50:04

[POST] Dados recebidos do ESP32 em /sensores às 17:50:05

[POST] Dados recebidos do ESP32 em /sensores às 17:50:06

[POST] Dados recebidos do ESP32 em /sensores às 17:50:07

[POST] Dados recebidos do ESP32 em /sensores às 17:50:08

[POST] Dados recebidos do ESP32 em /sensores às 17:50:09

[POST] Dados recebidos do ESP32 em /sensores às 17:50:10

[POST] Dados recebidos do ESP32 em /sensores às 17:50:11

[POST] Dados recebidos do ESP32 em /sensores às 17:50:12

[POST] Dados recebidos do ESP32 em /sensores às 17:50:13

[POST] Dados recebidos do ESP32 em /sensores às 17:50:14

[POST] Dados recebidos do ESP32 em /sensores às 17:50:15

[POST] Dados recebidos do ESP32 em /sensores às 17:50:16

[POST] Dados recebidos do ESP32 em /sensores às 17:50:17

[POST] Dados recebidos do ESP32 em /sensores às 17:50:18

[POST] Dados recebidos do ESP32 em /sensores às 17:50:19

[POST] Dados recebidos do ESP32 em /sensores às 17:50:20

[POST] Dados recebidos do ESP32 em /sensores às 17:50:21

[POST] Dados recebidos do ESP32 em /sensores às 17:50:22

[POST] Dados recebidos do ESP32 em /sensores às 17:50:23

[POST] Dados recebidos do ESP32 em /sensores às 17:50:24

[POST] Dados recebidos do ESP32 em /sensores às 17:50:25

[POST] Dados recebidos do ESP32 em /sensores às 17:50:26

[POST] Dados recebidos do ESP32 em /sensores às 17:50:27

[POST] Dados recebidos do ESP32 em /sensores às 17:50:28

[POST] Dados recebidos do ESP32 em /sensores às 17:50:29

[POST] Dados recebidos do ESP32 em /sensores às 17:50:30

[POST] Dados recebidos do ESP32 em /sensores às 17:50:31

[POST] Dados recebidos do ESP32 em /sensores às 17:50:32

[POST] Dados recebidos do ESP32 em /sensores às 17:50:33

[POST] Dados recebidos do ESP32 em /sensores às 17:50:34

[POST] Dados recebidos do ESP32 em /sensores às 17:50:35

[POST] Dados recebidos do ESP32 em /sensores às 17:50:36

[POST] Dados recebidos do ESP32 em /sensores às 17:50:37

[POST] Dados recebidos do ESP32 em /sensores às 17:50:38

[POST] Dados recebidos do ESP32 em /sensores às 17:50:39

[POST] Dados recebidos do ESP32 em /sensores às 17:50:40

[POST] Dados recebidos do ESP32 em /sensores às 17:50:41

[POST] Dados recebidos do ESP32 em /sensores às 17:50:42

[POST] Dados recebidos do ESP32 em /sensores às 17:50:43

[POST] Dados recebidos do ESP32 em /sensores às 17:50:44

[POST] Dados recebidos do ESP32 em /sensores às 17:50:45

[POST] Dados recebidos do ESP32 em /sensores às 17:50:46

[POST] Dados recebidos do ESP32 em /sensores às 17:50:47

[POST] Dados recebidos do ESP32 em /sensores às 17:50:48

[POST] Dados recebidos do ESP32 em /sensores às 17:50:49

[POST] Dados recebidos do ESP32 em /sensores às 17:50:50

[POST] Dados recebidos do ESP32 em /sensores às 17:50:51

[POST] Dados recebidos do ESP32 em /sensores às 17:50:52

[POST] Dados recebidos do ESP32 em /sensores às 17:50:53

[POST] Dados recebidos do ESP32 em /sensores às 17:50:54

[TIMEOUT] Sem dados por 4s. Status alterado para AGUARDANDO DADOS...

[POST] Dados recebidos do ESP32 em /sensores às 17:51:00

[TIMEOUT] Sem dados por 4s. Status alterado para AGUARDANDO DADOS...

[RESET] Sem dados por +10s. Zerando valores dos sensores.
